Vivado Simulator 2020.2
Copyright 1986-1999, 2001-2020 Xilinx, Inc. All Rights Reserved.
Running: D:/Vivado/Vivado/2020.2/bin/unwrapped/win64.o/xelab.exe -wto 93b8201845e246e69e456dd114786c61 --incr --debug typical --relax --mt 2 -L xil_defaultlib -L unisims_ver -L unimacro_ver -L secureip --snapshot tb_ntt_top_new_behav xil_defaultlib.tb_ntt_top_new xil_defaultlib.glbl -log elaborate.log 
Using 2 slave threads.
Starting static elaboration
Pass Through NonSizing Optimizer
Completed static elaboration
Starting simulation data flow analysis
WARNING: [XSIM 43-4099] "D:/download/downloads/embedded_sys_project/vivado/ntt_verilog_codes/ntt_top.v" Line 1. Module ntt_top doesn't have a timescale but at least one module in design has a timescale.
WARNING: [XSIM 43-4099] "D:/download/downloads/embedded_sys_project/vivado/ntt_verilog_codes/ntt_controller.v" Line 1. Module ntt_controller doesn't have a timescale but at least one module in design has a timescale.
WARNING: [XSIM 43-4099] "D:/download/downloads/embedded_sys_project/vivado/ntt_verilog_codes/addr_gen.v" Line 1. Module addr_gen doesn't have a timescale but at least one module in design has a timescale.
WARNING: [XSIM 43-4099] "D:/download/downloads/embedded_sys_project/vivado/ntt_verilog_codes/coeff_mem.v" Line 1. Module coeff_mem doesn't have a timescale but at least one module in design has a timescale.
WARNING: [XSIM 43-4099] "D:/download/downloads/embedded_sys_project/vivado/ntt_verilog_codes/twiddle_mem_dual.v" Line 1. Module twiddle_mem doesn't have a timescale but at least one module in design has a timescale.
WARNING: [XSIM 43-4099] "D:/download/downloads/embedded_sys_project/vivado/ntt_verilog_codes/butterfly_dual.v" Line 1. Module butterfly_core doesn't have a timescale but at least one module in design has a timescale.
WARNING: [XSIM 43-4099] "D:/download/downloads/embedded_sys_project/vivado/ntt_verilog_codes/mod_mult_red.v" Line 1. Module mod_mult_red doesn't have a timescale but at least one module in design has a timescale.
WARNING: [XSIM 43-4099] "D:/download/downloads/embedded_sys_project/vivado/ntt_verilog_codes/mod_add.v" Line 1. Module mod_add doesn't have a timescale but at least one module in design has a timescale.
WARNING: [XSIM 43-4099] "D:/download/downloads/embedded_sys_project/vivado/ntt_verilog_codes/mod_sub.v" Line 1. Module mod_sub doesn't have a timescale but at least one module in design has a timescale.
WARNING: [XSIM 43-4099] "D:/download/downloads/embedded_sys_project/vivado/ntt_verilog_codes/writeback_mux.v" Line 1. Module writeback_mux doesn't have a timescale but at least one module in design has a timescale.
WARNING: [XSIM 43-4099] "D:/download/downloads/embedded_sys_project/vivado/ntt_verilog_codes/ntt_top.v" Line 1. Module ntt_top doesn't have a timescale but at least one module in design has a timescale.
WARNING: [XSIM 43-4099] "D:/download/downloads/embedded_sys_project/vivado/ntt_verilog_codes/ntt_controller.v" Line 1. Module ntt_controller doesn't have a timescale but at least one module in design has a timescale.
WARNING: [XSIM 43-4099] "D:/download/downloads/embedded_sys_project/vivado/ntt_verilog_codes/addr_gen.v" Line 1. Module addr_gen doesn't have a timescale but at least one module in design has a timescale.
WARNING: [XSIM 43-4099] "D:/download/downloads/embedded_sys_project/vivado/ntt_verilog_codes/coeff_mem.v" Line 1. Module coeff_mem doesn't have a timescale but at least one module in design has a timescale.
WARNING: [XSIM 43-4099] "D:/download/downloads/embedded_sys_project/vivado/ntt_verilog_codes/twiddle_mem_dual.v" Line 1. Module twiddle_mem doesn't have a timescale but at least one module in design has a timescale.
WARNING: [XSIM 43-4099] "D:/download/downloads/embedded_sys_project/vivado/ntt_verilog_codes/butterfly_dual.v" Line 1. Module butterfly_core doesn't have a timescale but at least one module in design has a timescale.
WARNING: [XSIM 43-4099] "D:/download/downloads/embedded_sys_project/vivado/ntt_verilog_codes/mod_mult_red.v" Line 1. Module mod_mult_red doesn't have a timescale but at least one module in design has a timescale.
WARNING: [XSIM 43-4099] "D:/download/downloads/embedded_sys_project/vivado/ntt_verilog_codes/mod_add.v" Line 1. Module mod_add doesn't have a timescale but at least one module in design has a timescale.
WARNING: [XSIM 43-4099] "D:/download/downloads/embedded_sys_project/vivado/ntt_verilog_codes/mod_sub.v" Line 1. Module mod_sub doesn't have a timescale but at least one module in design has a timescale.
WARNING: [XSIM 43-4099] "D:/download/downloads/embedded_sys_project/vivado/ntt_verilog_codes/writeback_mux.v" Line 1. Module writeback_mux doesn't have a timescale but at least one module in design has a timescale.
Completed simulation data flow analysis
Time Resolution for simulation is 1ps
Compiling module xil_defaultlib.ntt_controller
Compiling module xil_defaultlib.addr_gen
Compiling module xil_defaultlib.coeff_mem
Compiling module xil_defaultlib.twiddle_mem
Compiling module xil_defaultlib.mod_mult_red
Compiling module xil_defaultlib.mod_add
Compiling module xil_defaultlib.mod_sub
Compiling module xil_defaultlib.butterfly_core
Compiling module xil_defaultlib.writeback_mux
Compiling module xil_defaultlib.ntt_top
Compiling module xil_defaultlib.tb_ntt_top_new
Compiling module xil_defaultlib.glbl
Built simulation snapshot tb_ntt_top_new_behav
